Logfile initialized
[INFO] logfile = /Users/aaronksaunders/Documents/workspace/alloy/test_social/build.log
[DEBUG] /Users/aaronksaunders/Library/Application Support/Titanium/mobilesdk/osx/2.1.2.GA/android/builder.py install test_social /Users/aaronksaunders/dev/tools/android-sdk-mac_86 /Users/aaronksaunders/Documents/workspace/alloy/test_social ci.test.social 21
[INFO] Titanium SDK version: 2.1.2 (08/24/12 14:46 ed7f777)
[DEBUG] Waiting for device to be ready ...
[TRACE] adb devices returned 2 devices/emulators
[DEBUG] Device connected... (waited 0 seconds)
[DEBUG] waited 0.041915 seconds on emulator to get ready
[DEBUG] ci.test.social installed? False
[INFO] Copying CommonJS modules...
[INFO] Copying project resources..
[INFO] Detected change in tiapp.xml, or assets deleted. Forcing full re-build...
[TRACE] COPYING CREATED FILE: /Users/aaronksaunders/Documents/workspace/alloy/test_social/Resources/android/appicon.png => /Users/aaronksaunders/Documents/workspace/alloy/test_social/build/android/bin/assets/Resources/appicon.png
[TRACE] COPYING CREATED FILE: /Users/aaronksaunders/Documents/workspace/alloy/test_social/Resources/android/default.png => /Users/aaronksaunders/Documents/workspace/alloy/test_social/build/android/bin/assets/Resources/default.png
[TRACE] COPYING CREATED FILE: /Users/aaronksaunders/Documents/workspace/alloy/test_social/Resources/app.js => /Users/aaronksaunders/Documents/workspace/alloy/test_social/build/android/bin/assets/Resources/app.js
[TRACE] COPYING CREATED FILE: /Users/aaronksaunders/Documents/workspace/alloy/test_social/Resources/KS_nav_ui.png => /Users/aaronksaunders/Documents/workspace/alloy/test_social/build/android/bin/assets/Resources/KS_nav_ui.png
[TRACE] COPYING CREATED FILE: /Users/aaronksaunders/Documents/workspace/alloy/test_social/Resources/KS_nav_views.png => /Users/aaronksaunders/Documents/workspace/alloy/test_social/build/android/bin/assets/Resources/KS_nav_views.png
[TRACE] COPYING CREATED FILE: /Users/aaronksaunders/Documents/workspace/alloy/test_social/Resources/social_plus.js => /Users/aaronksaunders/Documents/workspace/alloy/test_social/build/android/bin/assets/Resources/social_plus.js
[TRACE] Generating Java Classes
[DEBUG] Processing Android resource drawables
[DEBUG] app stylesheet => /Users/aaronksaunders/Documents/workspace/alloy/test_social/build/android/gen/ci/test/social/ApplicationStylesheet.java
[DEBUG] copying app icon: /Users/aaronksaunders/Documents/workspace/alloy/test_social/build/android/bin/assets/Resources/appicon.png
[DEBUG] generating theme.xml
[DEBUG] found drawable-long-land-hdpi splash screen at /Users/aaronksaunders/Documents/workspace/alloy/test_social/Resources/android/images/res-long-land-hdpi/default.png
[DEBUG] copying /Users/aaronksaunders/Documents/workspace/alloy/test_social/Resources/android/images/res-long-land-hdpi/default.png splash screen to /Users/aaronksaunders/Documents/workspace/alloy/test_social/build/android/res/drawable-long-land-hdpi/background.png
[DEBUG] found drawable-long-land-ldpi splash screen at /Users/aaronksaunders/Documents/workspace/alloy/test_social/Resources/android/images/res-long-land-ldpi/default.png
[DEBUG] copying /Users/aaronksaunders/Documents/workspace/alloy/test_social/Resources/android/images/res-long-land-ldpi/default.png splash screen to /Users/aaronksaunders/Documents/workspace/alloy/test_social/build/android/res/drawable-long-land-ldpi/background.png
[DEBUG] found drawable-long-port-hdpi splash screen at /Users/aaronksaunders/Documents/workspace/alloy/test_social/Resources/android/images/res-long-port-hdpi/default.png
[DEBUG] copying /Users/aaronksaunders/Documents/workspace/alloy/test_social/Resources/android/images/res-long-port-hdpi/default.png splash screen to /Users/aaronksaunders/Documents/workspace/alloy/test_social/build/android/res/drawable-long-port-hdpi/background.png
[DEBUG] found drawable-long-port-ldpi splash screen at /Users/aaronksaunders/Documents/workspace/alloy/test_social/Resources/android/images/res-long-port-ldpi/default.png
[DEBUG] copying /Users/aaronksaunders/Documents/workspace/alloy/test_social/Resources/android/images/res-long-port-ldpi/default.png splash screen to /Users/aaronksaunders/Documents/workspace/alloy/test_social/build/android/res/drawable-long-port-ldpi/background.png
[DEBUG] found drawable-notlong-land-hdpi splash screen at /Users/aaronksaunders/Documents/workspace/alloy/test_social/Resources/android/images/res-notlong-land-hdpi/default.png
[DEBUG] copying /Users/aaronksaunders/Documents/workspace/alloy/test_social/Resources/android/images/res-notlong-land-hdpi/default.png splash screen to /Users/aaronksaunders/Documents/workspace/alloy/test_social/build/android/res/drawable-notlong-land-hdpi/background.png
[DEBUG] found drawable-notlong-land-ldpi splash screen at /Users/aaronksaunders/Documents/workspace/alloy/test_social/Resources/android/images/res-notlong-land-ldpi/default.png
[DEBUG] copying /Users/aaronksaunders/Documents/workspace/alloy/test_social/Resources/android/images/res-notlong-land-ldpi/default.png splash screen to /Users/aaronksaunders/Documents/workspace/alloy/test_social/build/android/res/drawable-notlong-land-ldpi/background.png
[DEBUG] found drawable-notlong-land-mdpi splash screen at /Users/aaronksaunders/Documents/workspace/alloy/test_social/Resources/android/images/res-notlong-land-mdpi/default.png
[DEBUG] copying /Users/aaronksaunders/Documents/workspace/alloy/test_social/Resources/android/images/res-notlong-land-mdpi/default.png splash screen to /Users/aaronksaunders/Documents/workspace/alloy/test_social/build/android/res/drawable-notlong-land-mdpi/background.png
[DEBUG] found drawable-notlong-port-hdpi splash screen at /Users/aaronksaunders/Documents/workspace/alloy/test_social/Resources/android/images/res-notlong-port-hdpi/default.png
[DEBUG] copying /Users/aaronksaunders/Documents/workspace/alloy/test_social/Resources/android/images/res-notlong-port-hdpi/default.png splash screen to /Users/aaronksaunders/Documents/workspace/alloy/test_social/build/android/res/drawable-notlong-port-hdpi/background.png
[DEBUG] found drawable-notlong-port-ldpi splash screen at /Users/aaronksaunders/Documents/workspace/alloy/test_social/Resources/android/images/res-notlong-port-ldpi/default.png
[DEBUG] copying /Users/aaronksaunders/Documents/workspace/alloy/test_social/Resources/android/images/res-notlong-port-ldpi/default.png splash screen to /Users/aaronksaunders/Documents/workspace/alloy/test_social/build/android/res/drawable-notlong-port-ldpi/background.png
[DEBUG] found drawable-notlong-port-mdpi splash screen at /Users/aaronksaunders/Documents/workspace/alloy/test_social/Resources/android/images/res-notlong-port-mdpi/default.png
[DEBUG] copying /Users/aaronksaunders/Documents/workspace/alloy/test_social/Resources/android/images/res-notlong-port-mdpi/default.png splash screen to /Users/aaronksaunders/Documents/workspace/alloy/test_social/build/android/res/drawable-notlong-port-mdpi/background.png
[DEBUG] found splash screen at /Users/aaronksaunders/Documents/workspace/alloy/test_social/build/android/bin/assets/Resources/default.png
[TRACE] Writing out AndroidManifest.xml
[DEBUG] adding /Users/aaronksaunders/Documents/workspace/alloy/test_social/build/android/gen/ci/test/social/ApplicationStylesheet.java to javac build list
[DEBUG] adding /Users/aaronksaunders/Documents/workspace/alloy/test_social/build/android/gen/ci/test/social/R.java to javac build list
[DEBUG] adding /Users/aaronksaunders/Documents/workspace/alloy/test_social/build/android/gen/ci/test/social/Test_socialActivity.java to javac build list
[DEBUG] adding /Users/aaronksaunders/Documents/workspace/alloy/test_social/build/android/gen/ci/test/social/Test_socialAppInfo.java to javac build list
[DEBUG] adding /Users/aaronksaunders/Documents/workspace/alloy/test_social/build/android/gen/ci/test/social/Test_socialApplication.java to javac build list
[DEBUG] Building Java Sources: "/Users/aaronksaunders/Documents/workspace/alloy/test_social/build/android/gen/ci/test/social/ApplicationStylesheet.java" "/Users/aaronksaunders/Documents/workspace/alloy/test_social/build/android/gen/ci/test/social/R.java" "/Users/aaronksaunders/Documents/workspace/alloy/test_social/build/android/gen/ci/test/social/Test_socialActivity.java" "/Users/aaronksaunders/Documents/workspace/alloy/test_social/build/android/gen/ci/test/social/Test_socialAppInfo.java" "/Users/aaronksaunders/Documents/workspace/alloy/test_social/build/android/gen/ci/test/social/Test_socialApplication.java"
[INFO] Compiling Android Resources... This could take some time
[DEBUG] Android classes.dex built
[DEBUG] creating unsigned apk: /Users/aaronksaunders/Documents/workspace/alloy/test_social/build/android/bin/app-unsigned.apk
[DEBUG] from resource zip => assets/Resources/KS_nav_ui.png
[DEBUG] from resource zip => assets/Resources/KS_nav_views.png
[DEBUG] from resource zip => assets/Resources/app.js
[DEBUG] from resource zip => assets/Resources/appicon.png
[DEBUG] from resource zip => assets/Resources/default.png
[DEBUG] from resource zip => assets/Resources/social_plus.js
[DEBUG] from resource zip => assets/Resources/ti.cloud.js
[DEBUG] from resource zip => assets/app.json
[DEBUG] from resource zip => assets/index.json
[DEBUG] from resource zip => assets/tiapp.xml
[DEBUG] from resource zip => res/drawable/appicon.png
[DEBUG] from resource zip => res/drawable/background.png
[DEBUG] from resource zip => res/layout/titanium_tabgroup.xml
[DEBUG] from resource zip => AndroidManifest.xml
[DEBUG] from resource zip => resources.arsc
[DEBUG] from resource zip => res/drawable-long-land-hdpi/background.png
[DEBUG] from resource zip => res/drawable-long-land-ldpi/background.png
[DEBUG] from resource zip => res/drawable-long-port-hdpi/background.png
[DEBUG] from resource zip => res/drawable-long-port-ldpi/background.png
[DEBUG] from resource zip => res/drawable-notlong-land-hdpi/background.png
[DEBUG] from resource zip => res/drawable-notlong-land-ldpi/background.png
[DEBUG] from resource zip => res/drawable-notlong-land-mdpi/background.png
[DEBUG] from resource zip => res/drawable-notlong-port-hdpi/background.png
[DEBUG] from resource zip => res/drawable-notlong-port-ldpi/background.png
[DEBUG] from resource zip => res/drawable-notlong-port-mdpi/background.png
[DEBUG] from JAR /Users/aaronksaunders/Library/Application Support/Titanium/mobilesdk/osx/2.1.2.GA/android/titanium.jar => org/appcelerator/titanium/build.properties
[DEBUG] from JAR /Users/aaronksaunders/Library/Application Support/Titanium/mobilesdk/osx/2.1.2.GA/android/titanium.jar => org/appcelerator/titanium/res/drawable/background.png
[DEBUG] from JAR /Users/aaronksaunders/Library/Application Support/Titanium/mobilesdk/osx/2.1.2.GA/android/titanium.jar => org/appcelerator/titanium/res/drawable/btn_check_buttonless_on.png
[DEBUG] from JAR /Users/aaronksaunders/Library/Application Support/Titanium/mobilesdk/osx/2.1.2.GA/android/titanium.jar => org/appcelerator/titanium/res/drawable/btn_check_buttonless_on_18.png
[DEBUG] from JAR /Users/aaronksaunders/Library/Application Support/Titanium/mobilesdk/osx/2.1.2.GA/android/titanium.jar => org/appcelerator/titanium/res/drawable/btn_check_buttonless_on_48.png
[DEBUG] from JAR /Users/aaronksaunders/Library/Application Support/Titanium/mobilesdk/osx/2.1.2.GA/android/titanium.jar => org/appcelerator/titanium/res/drawable/btn_more.png
[DEBUG] from JAR /Users/aaronksaunders/Library/Application Support/Titanium/mobilesdk/osx/2.1.2.GA/android/titanium.jar => org/appcelerator/titanium/res/drawable/btn_more_18.png
[DEBUG] from JAR /Users/aaronksaunders/Library/Application Support/Titanium/mobilesdk/osx/2.1.2.GA/android/titanium.jar => org/appcelerator/titanium/res/drawable/btn_more_48.png
[DEBUG] from JAR /Users/aaronksaunders/Library/Application Support/Titanium/mobilesdk/osx/2.1.2.GA/android/titanium.jar => org/appcelerator/titanium/res/drawable/btn_picker_normal.9.png
[DEBUG] from JAR /Users/aaronksaunders/Library/Application Support/Titanium/mobilesdk/osx/2.1.2.GA/android/titanium.jar => org/appcelerator/titanium/res/drawable/btn_picker_pressed.9.png
[DEBUG] from JAR /Users/aaronksaunders/Library/Application Support/Titanium/mobilesdk/osx/2.1.2.GA/android/titanium.jar => org/appcelerator/titanium/res/drawable/btn_picker_selected.9.png
[DEBUG] from JAR /Users/aaronksaunders/Library/Application Support/Titanium/mobilesdk/osx/2.1.2.GA/android/titanium.jar => org/appcelerator/titanium/res/drawable/default_icon.png
[DEBUG] from JAR /Users/aaronksaunders/Library/Application Support/Titanium/mobilesdk/osx/2.1.2.GA/android/titanium.jar => org/appcelerator/titanium/res/drawable/photoDefault.png
[DEBUG] from JAR /Users/aaronksaunders/Library/Application Support/Titanium/mobilesdk/osx/2.1.2.GA/android/thirdparty.jar => org/apache/Commons-NOTICE.txt
[DEBUG] from JAR /Users/aaronksaunders/Library/Application Support/Titanium/mobilesdk/osx/2.1.2.GA/android/thirdparty.jar => org/apache/HttpComponents-NOTICE.txt
[DEBUG] from JAR /Users/aaronksaunders/Library/Application Support/Titanium/mobilesdk/osx/2.1.2.GA/android/thirdparty.jar => org/apache/mime4j-NOTICE.txt
[DEBUG] from JAR /Users/aaronksaunders/Library/Application Support/Titanium/mobilesdk/osx/2.1.2.GA/android/modules/titanium-ui.jar => ti/modules/titanium/ui/widget/webview/binding.js
[DEBUG] from JAR /Users/aaronksaunders/Library/Application Support/Titanium/mobilesdk/osx/2.1.2.GA/android/modules/titanium-ui.jar => ti/modules/titanium/ui/widget/webview/binding.min.js
[DEBUG] from JAR /Users/aaronksaunders/Library/Application Support/Titanium/mobilesdk/osx/2.1.2.GA/android/modules/titanium-ui.jar => ti/modules/titanium/ui/widget/webview/json2.js
[DEBUG] from JAR /Users/aaronksaunders/Library/Application Support/Titanium/mobilesdk/osx/2.1.2.GA/android/modules/titanium-ui.jar => ti/modules/titanium/ui/widget/webview/polling.js
[DEBUG] from JAR /Users/aaronksaunders/Library/Application Support/Titanium/mobilesdk/osx/2.1.2.GA/android/modules/titanium-ui.jar => ti/modules/titanium/ui/widget/webview/polling.min.js
[DEBUG] installing native SDK libs
[DEBUG] Waiting for device to be ready ...
[TRACE] adb devices returned 2 devices/emulators
[DEBUG] Device connected... (waited 0 seconds)
[DEBUG] waited 0.025726 seconds on emulator to get ready
[INFO] Installing application on device
[INFO] Application installed. Launch from drawer on Home Screen
